<?xml version="1.0" encoding="UTF-8"?>
<robot generator="Robot 7.0.1 (Python 3.10.6 on win32)" generated="2024-08-03T17:05:28.476572" rpa="false" schemaversion="5">
<suite id="s1" name="Schulung" source="E:\RF Schulung\Schulung.robot">
<test id="s1-t1" name="My simple test" line="2">
<kw name="Log" owner="BuiltIn">
<msg time="2024-08-03T17:05:28.610171" level="INFO">Hello World</msg>
<arg>Hello World</arg>
<doc>Logs the given message with the given level.</doc>
<status status="PASS" start="2024-08-03T17:05:28.610171" elapsed="0.000000"/>
</kw>
<kw name="Should Be Equal" owner="BuiltIn">
<msg time="2024-08-03T17:05:28.610171" level="FAIL">Hello != Hello!</msg>
<arg>Hello</arg>
<arg>Hello!</arg>
<doc>Fails if the given objects are unequal.</doc>
<status status="FAIL" start="2024-08-03T17:05:28.610171" elapsed="0.001000">Hello != Hello!</status>
</kw>
<status status="FAIL" start="2024-08-03T17:05:28.609171" elapsed="0.002000">Hello != Hello!</status>
</test>
<test id="s1-t2" name="My simple test 2" line="7">
<kw name="Log To Console" owner="BuiltIn">
<arg>Test Log</arg>
<doc>Logs the given message to the console.</doc>
<status status="PASS" start="2024-08-03T17:05:28.613172" elapsed="0.000000"/>
</kw>
<kw name="Should Be Equal" owner="BuiltIn">
<arg>Test</arg>
<arg>Test</arg>
<doc>Fails if the given objects are unequal.</doc>
<status status="PASS" start="2024-08-03T17:05:28.613172" elapsed="0.000000"/>
</kw>
<status status="PASS" start="2024-08-03T17:05:28.613172" elapsed="0.001001"/>
</test>
<status status="FAIL" start="2024-08-03T17:05:28.482231" elapsed="0.132941"/>
</suite>
<statistics>
<total>
<stat pass="1" fail="1" skip="0">All Tests</stat>
</total>
<tag>
</tag>
<suite>
<stat pass="1" fail="1" skip="0" id="s1" name="Schulung">Schulung</stat>
</suite>
</statistics>
<errors>
<msg time="2024-08-03T17:05:28.479469" level="ERROR">Taking listener 'Debugger' into use failed: Importing listener 'Debugger' failed: ModuleNotFoundError: No module named 'Debugger'
Traceback (most recent call last):
  None
PYTHONPATH:
  E:\Python\Scripts\robot.exe
  E:\Python\python310.zip
  E:\Python\DLLs
  E:\Python\lib
  E:\Python
  E:\Python\lib\site-packages</msg>
</errors>
</robot>
