<?xml version="1.0" encoding="UTF-8"?>
<robot generator="Robot 7.0.1 (Python 3.10.6 on win32)" generated="2024-07-28T09:01:59.453886" rpa="false" schemaversion="5">
<suite id="s1" name="RF Schulung" source="E:\RF Schulung">
<suite id="s1-s1" name="Schulung" source="E:\RF Schulung\Schulung.robot">
<test id="s1-s1-t1" name="My simple test" line="2">
<kw name="Log" owner="BuiltIn">
<msg time="2024-07-28T09:01:59.526323" level="INFO">Hello World</msg>
<arg>Hello World</arg>
<doc>Logs the given message with the given level.</doc>
<status status="PASS" start="2024-07-28T09:01:59.526323" elapsed="0.000000"/>
</kw>
<kw name="Should Be Equal" owner="BuiltIn">
<arg>Hello World</arg>
<arg>Hello World</arg>
<doc>Fails if the given objects are unequal.</doc>
<status status="PASS" start="2024-07-28T09:01:59.526323" elapsed="0.000000"/>
</kw>
<status status="PASS" start="2024-07-28T09:01:59.524784" elapsed="0.001539"/>
</test>
<status status="PASS" start="2024-07-28T09:01:59.521574" elapsed="0.008754"/>
</suite>
<status status="PASS" start="2024-07-28T09:01:59.479630" elapsed="0.053477"/>
</suite>
<statistics>
<total>
<stat pass="1" fail="0" skip="0">All Tests</stat>
</total>
<tag>
</tag>
<suite>
<stat pass="1" fail="0" skip="0" id="s1" name="RF Schulung">RF Schulung</stat>
<stat pass="1" fail="0" skip="0" id="s1-s1" name="Schulung">RF Schulung.Schulung</stat>
</suite>
</statistics>
<errors>
</errors>
</robot>
